#
# A fatal error has been detected by the Java Runtime Environment:
#
#  EXCEPTION_ACCESS_VIOLATION (0xc0000005) at pc=0x000007fef9db24e0, pid=1168, tid=3660
#
# JRE version: 6.0_17-b04
# Java VM: Java HotSpot(TM) 64-Bit Server VM (14.3-b01 mixed mode windows-amd64 )
# Problematic frame:
# C  [wiiuse.dll+0x24e0]
#
# If you would like to submit a bug report, please visit:
#   http://java.sun.com/webapps/bugreport/crash.jsp
# The crash happened outside the Java Virtual Machine in native code.
# See problematic frame for where to report the bug.
#

---------------  T H R E A D  ---------------

Current thread (0x0000000005ab6000):  JavaThread "Thread-0" [_thread_in_native, id=3660, stack(0x0000000006780000,0x0000000006880000)]

siginfo: ExceptionCode=0xc0000005, reading address 0x000000020000001a

Registers:
EAX=0x0000000000000000, EBX=0x0000000006672618, ECX=0x0000000200000002, EDX=0x0000000000000000
ESP=0x000000000687f540, EBP=0x0000000000000000, ESI=0x0000000006670158, EDI=0x0000000000000003
EIP=0x000007fef9db24e0, EFLAGS=0x0000000000010202

Top of Stack: (sp=0x000000000687f540)
0x000000000687f540:   0000000000000000 0000000000000234
0x000000000687f550:   0000000006677e20 0000000064f40a82
0x000000000687f560:   0000000000000000 000007fef9db2b91
0x000000000687f570:   00000000000003e5 0000000000000000
0x000000000687f580:   0000000000000003 0000000000000000
0x000000000687f590:   0000000005ae5f70 000007fefa341648
0x000000000687f5a0:   0000000000000000 00000000802799b8
0x000000000687f5b0:   0000000000000000 0000000000000003
0x000000000687f5c0:   0000000005a9b3c8 000000006d8e5cd9
0x000000000687f5d0:   0000000005a9b3c8 00000000ffffffff
0x000000000687f5e0:   0000000005ab6000 0000000005a9b3c8
0x000000000687f5f0:   00000000000007d1 000000006dcdd678
0x000000000687f600:   0000000005ab6000 0000000005a9b3c8
0x000000000687f610:   0000001500000012 000000a00000001e
0x000000000687f620:   0000000005a9b300 00000000804f8b20
0x000000000687f630:   000000000687f740 00000000000007d1 

Instructions: (pc=0x000007fef9db24e0)
0x000007fef9db24d0:   48 8b 5c 24 30 48 8b 4e 50 48 85 c9 74 1f 66 90
0x000007fef9db24e0:   80 79 18 00 74 17 48 8b 41 20 48 89 46 50 ff 15 


Stack: [0x0000000006780000,0x0000000006880000],  sp=0x000000000687f540,  free space=1021k
Native frames: (J=compiled Java code, j=interpreted, Vv=VM code, C=native code)
C  [wiiuse.dll+0x24e0]

[error occurred during error reporting (printing native stack), id 0xc0000005]

Java frames: (J=compiled Java code, j=interpreted, Vv=VM code)
j  wiiusej.WiiUseApi.specialPoll(Lwiiusej/wiiusejevents/utils/EventsGatherer;)V+0
j  wiiusej.WiiUseApiManager.run()V+65
v  ~StubRoutines::call_stub

---------------  P R O C E S S  ---------------

Java Threads: ( => current thread )
  0x0000000005aee800 JavaThread "Thread-2" daemon [_thread_in_native, id=2596, stack(0x000000000b3d0000,0x000000000b4d0000)]
  0x0000000006b2c000 JavaThread "TimerQueue" daemon [_thread_blocked, id=3628, stack(0x000000000aad0000,0x000000000abd0000)]
  0x0000000006aa1800 JavaThread "AWT-EventQueue-0" [_thread_blocked, id=1040, stack(0x00000000096f0000,0x00000000097f0000)]
  0x00000000069d5800 JavaThread "AWT-Windows" daemon [_thread_in_native, id=3272, stack(0x00000000070c0000,0x00000000071c0000)]
  0x00000000069ba000 JavaThread "AWT-Shutdown" [_thread_blocked, id=3620, stack(0x0000000006fc0000,0x00000000070c0000)]
  0x0000000005abb800 JavaThread "Java2D Disposer" daemon [_thread_blocked, id=3136, stack(0x0000000006ec0000,0x0000000006fc0000)]
=>0x0000000005ab6000 JavaThread "Thread-0" [_thread_in_native, id=3660, stack(0x0000000006780000,0x0000000006880000)]
  0x0000000005aa2800 JavaThread "Low Memory Detector" daemon [_thread_blocked, id=308, stack(0x0000000006300000,0x0000000006400000)]
  0x0000000005a99800 JavaThread "CompilerThread1" daemon [_thread_blocked, id=3996, stack(0x0000000006200000,0x0000000006300000)]
  0x0000000005a96000 JavaThread "CompilerThread0" daemon [_thread_blocked, id=3976, stack(0x0000000006100000,0x0000000006200000)]
  0x0000000005a94800 JavaThread "Attach Listener" daemon [_thread_blocked, id=4972, stack(0x0000000006000000,0x0000000006100000)]
  0x0000000005a94000 JavaThread "Signal Dispatcher" daemon [_thread_blocked, id=4112, stack(0x0000000005f00000,0x0000000006000000)]
  0x0000000005a42000 JavaThread "Finalizer" daemon [_thread_blocked, id=4004, stack(0x0000000005e00000,0x0000000005f00000)]
  0x00000000002c4800 JavaThread "Reference Handler" daemon [_thread_blocked, id=4764, stack(0x0000000005d00000,0x0000000005e00000)]
  0x00000000002eb000 JavaThread "main" [_thread_in_native, id=2508, stack(0x0000000001f30000,0x0000000002030000)]

Other Threads:
  0x0000000005a40800 VMThread [stack: 0x0000000005c00000,0x0000000005d00000] [id=2056]
  0x0000000005aa6000 WatcherThread [stack: 0x0000000006400000,0x0000000006500000] [id=3256]

VM state:not at safepoint (normal execution)

VM Mutex/Monitor currently owned by a thread: None

Heap
 PSYoungGen      total 37056K, used 22033K [0x00000000d7ea0000, 0x00000000da7f0000, 0x00000001013f0000)
  eden space 31808K, 60% used [0x00000000d7ea0000,0x00000000d914d0b8,0x00000000d9db0000)
  from space 5248K, 55% used [0x00000000d9db0000,0x00000000da087630,0x00000000da2d0000)
  to   space 5248K, 0% used [0x00000000da2d0000,0x00000000da2d0000,0x00000000da7f0000)
 PSOldGen        total 84608K, used 0K [0x00000000853f0000, 0x000000008a690000, 0x00000000d7ea0000)
  object space 84608K, 0% used [0x00000000853f0000,0x00000000853f0000,0x000000008a690000)
 PSPermGen       total 21248K, used 11945K [0x000000007fff0000, 0x00000000814b0000, 0x00000000853f0000)
  object space 21248K, 56% used [0x000000007fff0000,0x0000000080b9a510,0x00000000814b0000)

Dynamic libraries:
0x0000000000400000 - 0x000000000042e000 	C:\Program Files\Java\jre6\bin\javaw.exe
0x0000000076d10000 - 0x0000000076eb9000 	C:\Windows\SYSTEM32\ntdll.dll
0x0000000076bf0000 - 0x0000000076d0f000 	C:\Windows\system32\kernel32.dll
0x000007fefcd70000 - 0x000007fefcddb000 	C:\Windows\system32\KERNELBASE.dll
0x000007fefe0a0000 - 0x000007fefe17b000 	C:\Windows\system32\ADVAPI32.dll
0x000007fefe670000 - 0x000007fefe70f000 	C:\Windows\system32\msvcrt.dll
0x000007fefe820000 - 0x000007fefe83f000 	C:\Windows\SYSTEM32\sechost.dll
0x000007fefcfd0000 - 0x000007fefd0fd000 	C:\Windows\system32\RPCRT4.dll
0x0000000076af0000 - 0x0000000076bea000 	C:\Windows\system32\USER32.dll
0x000007fefebc0000 - 0x000007fefec27000 	C:\Windows\system32\GDI32.dll
0x000007fefe740000 - 0x000007fefe74e000 	C:\Windows\system32\LPK.dll
0x000007fefe750000 - 0x000007fefe819000 	C:\Windows\system32\USP10.dll
0x000007fefe710000 - 0x000007fefe73e000 	C:\Windows\system32\IMM32.DLL
0x000007fefd1a0000 - 0x000007fefd2a9000 	C:\Windows\system32\MSCTF.dll
0x000000006d7f0000 - 0x000000006de4d000 	C:\Program Files\Java\jre6\bin\server\jvm.dll
0x000007fefa630000 - 0x000007fefa66b000 	C:\Windows\system32\WINMM.dll
0x000000006d760000 - 0x000000006d76e000 	C:\Program Files\Java\jre6\bin\verify.dll
0x000000006d3b0000 - 0x000000006d3d7000 	C:\Program Files\Java\jre6\bin\java.dll
0x000000006d310000 - 0x000000006d31a000 	C:\Program Files\Java\jre6\bin\hpi.dll
0x0000000076ed0000 - 0x0000000076ed7000 	C:\Windows\system32\PSAPI.DLL
0x000000006d7b0000 - 0x000000006d7c2000 	C:\Program Files\Java\jre6\bin\zip.dll
0x000007fefa340000 - 0x000007fefa349000 	C:\Users\James\Documents\GitHub\Interface\4wiiSoftware\WiiuseJ.dll
0x000007fef9db0000 - 0x000007fef9dbc000 	C:\Users\James\Documents\GitHub\Interface\4wiiSoftware\wiiuse.dll
0x000007fefe840000 - 0x000007fefe88d000 	C:\Windows\system32\WS2_32.dll
0x000007fefea90000 - 0x000007fefea98000 	C:\Windows\system32\NSI.dll
0x000007fefafa0000 - 0x000007fefafab000 	C:\Windows\system32\HID.DLL
0x000007fefee40000 - 0x000007feff017000 	C:\Windows\system32\SETUPAPI.dll
0x000007fefce80000 - 0x000007fefceb6000 	C:\Windows\system32\CFGMGR32.dll
0x000007fefcef0000 - 0x000007fefcfc7000 	C:\Windows\system32\OLEAUT32.dll
0x000007fefec30000 - 0x000007fefee33000 	C:\Windows\system32\ole32.dll
0x000007fefcb70000 - 0x000007fefcb8a000 	C:\Windows\system32\DEVOBJ.dll
0x0000000064f10000 - 0x0000000064fe2000 	C:\Windows\system32\MSVCR100.dll
0x000007fefcd00000 - 0x000007fefcd3a000 	C:\Windows\system32\WINTRUST.dll
0x000007fefcb90000 - 0x000007fefccfc000 	C:\Windows\system32\CRYPT32.dll
0x000007fefcb60000 - 0x000007fefcb6f000 	C:\Windows\system32\MSASN1.dll
0x000000006d000000 - 0x000000006d1c1000 	C:\Program Files\Java\jre6\bin\awt.dll
0x000007fef9350000 - 0x000007fef93c1000 	C:\Windows\system32\WINSPOOL.DRV
0x000007fefd2b0000 - 0x000007fefe038000 	C:\Windows\system32\SHELL32.dll
0x000007fefeb20000 - 0x000007fefeb91000 	C:\Windows\system32\SHLWAPI.dll
0x000007fefb6e0000 - 0x000007fefb8d4000 	C:\Windows\WinSxS\amd64_microsoft.windows.common-controls_6595b64144ccf1df_6.0.7601.17514_none_fa396087175ac9ac\comctl32.dll
0x000007fefaf30000 - 0x000007fefaf48000 	C:\Windows\system32\DWMAPI.DLL
0x000007fefb360000 - 0x000007fefb3b6000 	C:\Windows\system32\uxtheme.dll
0x000000006d2a0000 - 0x000000006d30b000 	C:\Program Files\Java\jre6\bin\fontmanager.dll
0x000007fefc9f0000 - 0x000007fefc9ff000 	C:\Windows\system32\CRYPTBASE.dll
0x000007fef3e20000 - 0x000007fef401f000 	C:\Windows\system32\d3d9.dll
0x000007fefbc20000 - 0x000007fefbc2c000 	C:\Windows\system32\VERSION.dll
0x000007fef4550000 - 0x000007fef4557000 	C:\Windows\system32\d3d8thk.dll
0x000007fef44c0000 - 0x000007fef44cb000 	C:\Windows\system32\atiu9p64.dll
0x000000006acc0000 - 0x000000006b15d000 	C:\Windows\system32\atiumd64.dll
0x0000000069310000 - 0x00000000695c0000 	C:\Windows\system32\atiumd6a.dll
0x000000006d600000 - 0x000000006d617000 	C:\Program Files\Java\jre6\bin\net.dll
0x000007fefc330000 - 0x000007fefc385000 	C:\Windows\system32\mswsock.dll
0x000007fefc320000 - 0x000007fefc327000 	C:\Windows\System32\wship6.dll
0x000000006d620000 - 0x000000006d62b000 	C:\Program Files\Java\jre6\bin\nio.dll
0x000000006d210000 - 0x000000006d238000 	C:\Program Files\Java\jre6\bin\dcpr.dll

VM Arguments:
jvm_args: -Dfile.encoding=Cp1252 
java_command: wiiusej.test.Main
Launcher Type: SUN_STANDARD

Environment Variables:
CLASSPATH=.;.;C:\PROGRA~2\JMF21~1.1E\lib\sound.jar;C:\PROGRA~2\JMF21~1.1E\lib\jmf.jar;C:\PROGRA~2\JMF21~1.1E\lib;
PATH=C:\Program Files\Common Files\Microsoft Shared\Windows Live;C:\Windows\system32;C:\Windows;C:\Windows\System32\Wbem;C:\Windows\System32\WindowsPowerShell\v1.0\;C:\Program Files (x86)\ATI Technologies\ATI.ACE\Core-Static
USERNAME=James
OS=Windows_NT
PROCESSOR_IDENTIFIER=AMD64 Family 16 Model 6 Stepping 3, AuthenticAMD



---------------  S Y S T E M  ---------------

OS: Windows 7 Build 7601 Service Pack 1

CPU:total 2 (2 cores per cpu, 1 threads per core) family 16 model 6 stepping 3, cmov, cx8, fxsr, mmx, sse, sse2, sse3, mmxext, 3dnow, 3dnowext

Memory: 4k page, physical 8121244k(5720256k free), swap 16240624k(12889684k free)

vm_info: Java HotSpot(TM) 64-Bit Server VM (14.3-b01) for windows-amd64 JRE (1.6.0_17-b04), built on Oct 11 2009 00:46:08 by "java_re" with MS VC++ 8.0

time: Sun Mar 09 16:39:49 2014
elapsed time: 21 seconds

