#
# A fatal error has been detected by the Java Runtime Environment:
#
#  EXCEPTION_ACCESS_VIOLATION (0xc0000005) at pc=0x000007fef9db24e0, pid=6064, tid=6016
#
# JRE version: 6.0_17-b04
# Java VM: Java HotSpot(TM) 64-Bit Server VM (14.3-b01 mixed mode windows-amd64 )
# Problematic frame:
# C  [wiiuse.dll+0x24e0]
#
# If you would like to submit a bug report, please visit:
#   http://java.sun.com/webapps/bugreport/crash.jsp
# The crash happened outside the Java Virtual Machine in native code.
# See problematic frame for where to report the bug.
#

---------------  T H R E A D  ---------------

Current thread (0x0000000005b85000):  JavaThread "Thread-0" [_thread_in_native, id=6016, stack(0x0000000006860000,0x0000000006960000)]

siginfo: ExceptionCode=0xc0000005, reading address 0x000000020000001a

Registers:
EAX=0x0000000000000000, EBX=0x0000000006852618, ECX=0x0000000200000002, EDX=0x0000000000000000
ESP=0x000000000695f540, EBP=0x0000000000000000, ESI=0x0000000006850158, EDI=0x0000000000000003
EIP=0x000007fef9db24e0, EFLAGS=0x0000000000010202

Top of Stack: (sp=0x000000000695f540)
0x000000000695f540:   0000000000000000 0000000000000234
0x000000000695f550:   0000000006857e20 0000000064f40a82
0x000000000695f560:   0000000000000000 000007fef9db2b91
0x000000000695f570:   00000000000003e5 0000000000000000
0x000000000695f580:   0000000000000003 0000000000000000
0x000000000695f590:   0000000005b85ab0 000007fefa341648
0x000000000695f5a0:   0000000000000000 00000000802799b8
0x000000000695f5b0:   0000000000000000 0000000000000003
0x000000000695f5c0:   0000000000000000 0000000000000000
0x000000000695f5d0:   00000000d7f3b7d0 00000000d9ddb860
0x000000000695f5e0:   000000000695f5e0 00000000802cd8cc
0x000000000695f5f0:   000000000695f630 00000000802e1a18
0x000000000695f600:   0000000000000000 00000000802cd8d0
0x000000000695f610:   0000000000000000 000000000695f630
0x000000000695f620:   000000000695f678 0000000002225ac2
0x000000000695f630:   00000000d9ddb860 000000000695f638 

Instructions: (pc=0x000007fef9db24e0)
0x000007fef9db24d0:   48 8b 5c 24 30 48 8b 4e 50 48 85 c9 74 1f 66 90
0x000007fef9db24e0:   80 79 18 00 74 17 48 8b 41 20 48 89 46 50 ff 15 


Stack: [0x0000000006860000,0x0000000006960000],  sp=0x000000000695f540,  free space=1021k
Native frames: (J=compiled Java code, j=interpreted, Vv=VM code, C=native code)
C  [wiiuse.dll+0x24e0]

[error occurred during error reporting (printing native stack), id 0xc0000005]

Java frames: (J=compiled Java code, j=interpreted, Vv=VM code)
j  wiiusej.WiiUseApi.specialPoll(Lwiiusej/wiiusejevents/utils/EventsGatherer;)V+0
j  wiiusej.WiiUseApiManager.run()V+65
v  ~StubRoutines::call_stub

---------------  P R O C E S S  ---------------

Java Threads: ( => current thread )
  0x0000000006af6800 JavaThread "Thread-2" daemon [_thread_in_native, id=5824, stack(0x000000000b560000,0x000000000b660000)]
  0x0000000006cd4800 JavaThread "TimerQueue" daemon [_thread_blocked, id=5892, stack(0x000000000b460000,0x000000000b560000)]
  0x0000000006b44800 JavaThread "D3D Screen Updater" daemon [_thread_in_native, id=3860, stack(0x00000000095d0000,0x00000000096d0000)]
  0x0000000005c7f000 JavaThread "AWT-EventQueue-0" [_thread_blocked, id=5248, stack(0x00000000092f0000,0x00000000093f0000)]
  0x0000000006b0b000 JavaThread "AWT-Shutdown" [_thread_blocked, id=5784, stack(0x0000000007100000,0x0000000007200000)]
  0x0000000005ccb000 JavaThread "AWT-Windows" daemon [_thread_in_native, id=2644, stack(0x0000000007200000,0x0000000007300000)]
  0x0000000005b19800 JavaThread "Java2D Disposer" daemon [_thread_blocked, id=4112, stack(0x0000000007000000,0x0000000007100000)]
=>0x0000000005b85000 JavaThread "Thread-0" [_thread_in_native, id=6016, stack(0x0000000006860000,0x0000000006960000)]
  0x0000000005b71800 JavaThread "Low Memory Detector" daemon [_thread_blocked, id=3668, stack(0x00000000063d0000,0x00000000064d0000)]
  0x0000000005b68800 JavaThread "CompilerThread1" daemon [_thread_blocked, id=5700, stack(0x00000000062d0000,0x00000000063d0000)]
  0x0000000005b65000 JavaThread "CompilerThread0" daemon [_thread_blocked, id=2072, stack(0x00000000061d0000,0x00000000062d0000)]
  0x0000000005b64000 JavaThread "Attach Listener" daemon [_thread_blocked, id=5760, stack(0x00000000060d0000,0x00000000061d0000)]
  0x0000000005b63000 JavaThread "Signal Dispatcher" daemon [_thread_blocked, id=4880, stack(0x0000000005fd0000,0x00000000060d0000)]
  0x0000000005b12000 JavaThread "Finalizer" daemon [_thread_blocked, id=1356, stack(0x0000000005ed0000,0x0000000005fd0000)]
  0x0000000000524800 JavaThread "Reference Handler" daemon [_thread_blocked, id=1676, stack(0x0000000005dd0000,0x0000000005ed0000)]
  0x000000000062b000 JavaThread "main" [_thread_in_native, id=5992, stack(0x0000000002120000,0x0000000002220000)]

Other Threads:
  0x0000000005b10800 VMThread [stack: 0x0000000005cd0000,0x0000000005dd0000] [id=1924]
  0x0000000005b75800 WatcherThread [stack: 0x00000000064d0000,0x00000000065d0000] [id=2076]

VM state:not at safepoint (normal execution)

VM Mutex/Monitor currently owned by a thread: None

Heap
 PSYoungGen      total 37056K, used 21361K [0x00000000d7ea0000, 0x00000000da7f0000, 0x00000001013f0000)
  eden space 31808K, 57% used [0x00000000d7ea0000,0x00000000d90974c0,0x00000000d9db0000)
  from space 5248K, 56% used [0x00000000d9db0000,0x00000000da0950c8,0x00000000da2d0000)
  to   space 5248K, 0% used [0x00000000da2d0000,0x00000000da2d0000,0x00000000da7f0000)
 PSOldGen        total 84608K, used 0K [0x00000000853f0000, 0x000000008a690000, 0x00000000d7ea0000)
  object space 84608K, 0% used [0x00000000853f0000,0x00000000853f0000,0x000000008a690000)
 PSPermGen       total 21248K, used 11829K [0x000000007fff0000, 0x00000000814b0000, 0x00000000853f0000)
  object space 21248K, 55% used [0x000000007fff0000,0x0000000080b7d4a8,0x00000000814b0000)

Dynamic libraries:
0x0000000000400000 - 0x000000000042e000 	C:\Program Files\Java\jre6\bin\javaw.exe
0x0000000076d10000 - 0x0000000076eb9000 	C:\Windows\SYSTEM32\ntdll.dll
0x0000000076bf0000 - 0x0000000076d0f000 	C:\Windows\system32\kernel32.dll
0x000007fefcd70000 - 0x000007fefcddb000 	C:\Windows\system32\KERNELBASE.dll
0x000007fefe0a0000 - 0x000007fefe17b000 	C:\Windows\system32\ADVAPI32.dll
0x000007fefe670000 - 0x000007fefe70f000 	C:\Windows\system32\msvcrt.dll
0x000007fefe820000 - 0x000007fefe83f000 	C:\Windows\SYSTEM32\sechost.dll
0x000007fefcfd0000 - 0x000007fefd0fd000 	C:\Windows\system32\RPCRT4.dll
0x0000000076af0000 - 0x0000000076bea000 	C:\Windows\system32\USER32.dll
0x000007fefebc0000 - 0x000007fefec27000 	C:\Windows\system32\GDI32.dll
0x000007fefe740000 - 0x000007fefe74e000 	C:\Windows\system32\LPK.dll
0x000007fefe750000 - 0x000007fefe819000 	C:\Windows\system32\USP10.dll
0x000007fefe710000 - 0x000007fefe73e000 	C:\Windows\system32\IMM32.DLL
0x000007fefd1a0000 - 0x000007fefd2a9000 	C:\Windows\system32\MSCTF.dll
0x000000006d7f0000 - 0x000000006de4d000 	C:\Program Files\Java\jre6\bin\server\jvm.dll
0x000007fefa630000 - 0x000007fefa66b000 	C:\Windows\system32\WINMM.dll
0x000000006d760000 - 0x000000006d76e000 	C:\Program Files\Java\jre6\bin\verify.dll
0x000000006d3b0000 - 0x000000006d3d7000 	C:\Program Files\Java\jre6\bin\java.dll
0x000000006d310000 - 0x000000006d31a000 	C:\Program Files\Java\jre6\bin\hpi.dll
0x0000000076ed0000 - 0x0000000076ed7000 	C:\Windows\system32\PSAPI.DLL
0x000000006d7b0000 - 0x000000006d7c2000 	C:\Program Files\Java\jre6\bin\zip.dll
0x000007fefa340000 - 0x000007fefa349000 	C:\Users\James\Documents\GitHub\Interface\4wiiSoftware\WiiuseJ.dll
0x000007fef9db0000 - 0x000007fef9dbc000 	C:\Users\James\Documents\GitHub\Interface\4wiiSoftware\wiiuse.dll
0x000007fefe840000 - 0x000007fefe88d000 	C:\Windows\system32\WS2_32.dll
0x000007fefea90000 - 0x000007fefea98000 	C:\Windows\system32\NSI.dll
0x000007fefafa0000 - 0x000007fefafab000 	C:\Windows\system32\HID.DLL
0x000007fefee40000 - 0x000007feff017000 	C:\Windows\system32\SETUPAPI.dll
0x000007fefce80000 - 0x000007fefceb6000 	C:\Windows\system32\CFGMGR32.dll
0x000007fefcef0000 - 0x000007fefcfc7000 	C:\Windows\system32\OLEAUT32.dll
0x000007fefec30000 - 0x000007fefee33000 	C:\Windows\system32\ole32.dll
0x000007fefcb70000 - 0x000007fefcb8a000 	C:\Windows\system32\DEVOBJ.dll
0x0000000064f10000 - 0x0000000064fe2000 	C:\Windows\system32\MSVCR100.dll
0x000007fefcd00000 - 0x000007fefcd3a000 	C:\Windows\system32\WINTRUST.dll
0x000007fefcb90000 - 0x000007fefccfc000 	C:\Windows\system32\CRYPT32.dll
0x000007fefcb60000 - 0x000007fefcb6f000 	C:\Windows\system32\MSASN1.dll
0x000000006d000000 - 0x000000006d1c1000 	C:\Program Files\Java\jre6\bin\awt.dll
0x000007fef9350000 - 0x000007fef93c1000 	C:\Windows\system32\WINSPOOL.DRV
0x000007fefd2b0000 - 0x000007fefe038000 	C:\Windows\system32\SHELL32.dll
0x000007fefeb20000 - 0x000007fefeb91000 	C:\Windows\system32\SHLWAPI.dll
0x000007fefb6e0000 - 0x000007fefb8d4000 	C:\Windows\WinSxS\amd64_microsoft.windows.common-controls_6595b64144ccf1df_6.0.7601.17514_none_fa396087175ac9ac\comctl32.dll
0x000007fefaf30000 - 0x000007fefaf48000 	C:\Windows\system32\DWMAPI.DLL
0x000007fefb360000 - 0x000007fefb3b6000 	C:\Windows\system32\uxtheme.dll
0x000000006d2a0000 - 0x000000006d30b000 	C:\Program Files\Java\jre6\bin\fontmanager.dll
0x000007fefc9f0000 - 0x000007fefc9ff000 	C:\Windows\system32\CRYPTBASE.dll
0x000000006d600000 - 0x000000006d617000 	C:\Program Files\Java\jre6\bin\net.dll
0x000007fefc330000 - 0x000007fefc385000 	C:\Windows\system32\mswsock.dll
0x000007fefc320000 - 0x000007fefc327000 	C:\Windows\System32\wship6.dll
0x000000006d620000 - 0x000000006d62b000 	C:\Program Files\Java\jre6\bin\nio.dll
0x000000006d210000 - 0x000000006d238000 	C:\Program Files\Java\jre6\bin\dcpr.dll

VM Arguments:
jvm_args: -Dfile.encoding=Cp1252 
java_command: wiiusej.test.Main
Launcher Type: SUN_STANDARD

Environment Variables:
CLASSPATH=.;.;C:\PROGRA~2\JMF21~1.1E\lib\sound.jar;C:\PROGRA~2\JMF21~1.1E\lib\jmf.jar;C:\PROGRA~2\JMF21~1.1E\lib;
PATH=C:\Program Files\Common Files\Microsoft Shared\Windows Live;C:\Windows\system32;C:\Windows;C:\Windows\System32\Wbem;C:\Windows\System32\WindowsPowerShell\v1.0\;C:\Program Files (x86)\ATI Technologies\ATI.ACE\Core-Static
USERNAME=James
OS=Windows_NT
PROCESSOR_IDENTIFIER=AMD64 Family 16 Model 6 Stepping 3, AuthenticAMD



---------------  S Y S T E M  ---------------

OS: Windows 7 Build 7601 Service Pack 1

CPU:total 2 (2 cores per cpu, 1 threads per core) family 16 model 6 stepping 3, cmov, cx8, fxsr, mmx, sse, sse2, sse3, mmxext, 3dnow, 3dnowext

Memory: 4k page, physical 8121244k(5525316k free), swap 16240624k(11576576k free)

vm_info: Java HotSpot(TM) 64-Bit Server VM (14.3-b01) for windows-amd64 JRE (1.6.0_17-b04), built on Oct 11 2009 00:46:08 by "java_re" with MS VC++ 8.0

time: Sun Mar 09 17:02:17 2014
elapsed time: 53 seconds

