#
# A fatal error has been detected by the Java Runtime Environment:
#
#  EXCEPTION_ACCESS_VIOLATION (0xc0000005) at pc=0x000007fefb2924e0, pid=5088, tid=840
#
# JRE version: 6.0_17-b04
# Java VM: Java HotSpot(TM) 64-Bit Server VM (14.3-b01 mixed mode windows-amd64 )
# Problematic frame:
# C  [wiiuse.dll+0x24e0]
#
# If you would like to submit a bug report, please visit:
#   http://java.sun.com/webapps/bugreport/crash.jsp
# The crash happened outside the Java Virtual Machine in native code.
# See problematic frame for where to report the bug.
#

---------------  T H R E A D  ---------------

Current thread (0x0000000005b46000):  JavaThread "Thread-0" [_thread_in_native, id=840, stack(0x0000000006810000,0x0000000006910000)]

siginfo: ExceptionCode=0xc0000005, reading address 0x000000020000001a

Registers:
EAX=0x0000000000000000, EBX=0x0000000006702618, ECX=0x0000000200000002, EDX=0x0000000000000002
ESP=0x000000000690f540, EBP=0x0000000000000000, ESI=0x0000000006700158, EDI=0x0000000000000003
EIP=0x000007fefb2924e0, EFLAGS=0x0000000000010202

Top of Stack: (sp=0x000000000690f540)
0x000000000690f540:   00000000697f2620 000007fefb2963a0
0x000000000690f550:   0000000000000000 0000000000000000
0x000000000690f560:   0000000000000000 000007fefb292b91
0x000000000690f570:   0000000006702610 0000000000000000
0x000000000690f580:   0000000000000000 0000000000000000
0x000000000690f590:   0000000005b46a10 000007fefb111648
0x000000000690f5a0:   0000000000000000 00000000802799b8
0x000000000690f5b0:   0000000000000000 0000000000000003
0x000000000690f5c0:   0000000080b867c8 0000000000000000
0x000000000690f5d0:   00000000000000c0 000000006db51cfd
0x000000000690f5e0:   0000000000000004 0000000000000003
0x000000000690f5f0:   0000000000000008 000000006db5eb83
0x000000000690f600:   0000000005b2b738 0000000005b2b778
0x000000000690f610:   0000001500000012 000000a00000001e
0x000000000690f620:   0000000005b2b700 000000006d8d0966
0x000000000690f630:   0000000000450b30 0000000000000003 

Instructions: (pc=0x000007fefb2924e0)
0x000007fefb2924d0:   48 8b 5c 24 30 48 8b 4e 50 48 85 c9 74 1f 66 90
0x000007fefb2924e0:   80 79 18 00 74 17 48 8b 41 20 48 89 46 50 ff 15 


Stack: [0x0000000006810000,0x0000000006910000],  sp=0x000000000690f540,  free space=1021k
Native frames: (J=compiled Java code, j=interpreted, Vv=VM code, C=native code)
C  [wiiuse.dll+0x24e0]

[error occurred during error reporting (printing native stack), id 0xc0000005]

Java frames: (J=compiled Java code, j=interpreted, Vv=VM code)
j  wiiusej.WiiUseApi.specialPoll(Lwiiusej/wiiusejevents/utils/EventsGatherer;)V+0
j  wiiusej.WiiUseApiManager.run()V+65
v  ~StubRoutines::call_stub

---------------  P R O C E S S  ---------------

Java Threads: ( => current thread )
  0x0000000006b0f000 JavaThread "Thread-2" daemon [_thread_in_native, id=2276, stack(0x000000000b6d0000,0x000000000b7d0000)]
  0x000000000af93800 JavaThread "TimerQueue" daemon [_thread_blocked, id=4596, stack(0x000000000b3d0000,0x000000000b4d0000)]
  0x0000000006cbc800 JavaThread "AWT-EventQueue-0" [_thread_blocked, id=4984, stack(0x0000000009940000,0x0000000009a40000)]
  0x0000000006be0800 JavaThread "AWT-Shutdown" [_thread_blocked, id=4992, stack(0x00000000070f0000,0x00000000071f0000)]
  0x0000000006bdf800 JavaThread "Java2D Disposer" daemon [_thread_blocked, id=4164, stack(0x0000000006ee0000,0x0000000006fe0000)]
=>0x0000000005b46000 JavaThread "Thread-0" [_thread_in_native, id=840, stack(0x0000000006810000,0x0000000006910000)]
  0x0000000005b32800 JavaThread "Low Memory Detector" daemon [_thread_blocked, id=1028, stack(0x0000000006390000,0x0000000006490000)]
  0x0000000005b29800 JavaThread "CompilerThread1" daemon [_thread_blocked, id=4980, stack(0x0000000006290000,0x0000000006390000)]
  0x0000000005b26000 JavaThread "CompilerThread0" daemon [_thread_blocked, id=4832, stack(0x0000000006190000,0x0000000006290000)]
  0x0000000005b25000 JavaThread "Attach Listener" daemon [_thread_blocked, id=900, stack(0x0000000006090000,0x0000000006190000)]
  0x0000000005b24000 JavaThread "Signal Dispatcher" daemon [_thread_blocked, id=5008, stack(0x0000000005f90000,0x0000000006090000)]
  0x0000000005ad2000 JavaThread "Finalizer" daemon [_thread_blocked, id=380, stack(0x0000000005e90000,0x0000000005f90000)]
  0x0000000000524800 JavaThread "Reference Handler" daemon [_thread_blocked, id=5032, stack(0x0000000005d90000,0x0000000005e90000)]
  0x000000000021b000 JavaThread "main" [_thread_in_native, id=3760, stack(0x0000000002020000,0x0000000002120000)]

Other Threads:
  0x0000000005ad0800 VMThread [stack: 0x0000000005c90000,0x0000000005d90000] [id=312]
  0x0000000005b36000 WatcherThread [stack: 0x0000000006490000,0x0000000006590000] [id=3728]

VM state:not at safepoint (normal execution)

VM Mutex/Monitor currently owned by a thread: None

Heap
 PSYoungGen      total 33920K, used 33784K [0x00000000d7ea0000, 0x00000000da7f0000, 0x00000001013f0000)
  eden space 33856K, 99% used [0x00000000d7ea0000,0x00000000d9f96178,0x00000000d9fb0000)
  from space 64K, 50% used [0x00000000d9fb0000,0x00000000d9fb8000,0x00000000d9fc0000)
  to   space 4288K, 0% used [0x00000000da3c0000,0x00000000da3c0000,0x00000000da7f0000)
 PSOldGen        total 84608K, used 3172K [0x00000000853f0000, 0x000000008a690000, 0x00000000d7ea0000)
  object space 84608K, 3% used [0x00000000853f0000,0x0000000085709278,0x000000008a690000)
 PSPermGen       total 21248K, used 11873K [0x000000007fff0000, 0x00000000814b0000, 0x00000000853f0000)
  object space 21248K, 55% used [0x000000007fff0000,0x0000000080b88430,0x00000000814b0000)

Dynamic libraries:
0x0000000000400000 - 0x000000000042e000 	C:\Program Files\Java\jre6\bin\javaw.exe
0x0000000077440000 - 0x00000000775e9000 	C:\Windows\SYSTEM32\ntdll.dll
0x0000000077220000 - 0x000000007733f000 	C:\Windows\system32\kernel32.dll
0x000007fefd2a0000 - 0x000007fefd30b000 	C:\Windows\system32\KERNELBASE.dll
0x000007feff080000 - 0x000007feff15b000 	C:\Windows\system32\ADVAPI32.dll
0x000007fefd6c0000 - 0x000007fefd75f000 	C:\Windows\system32\msvcrt.dll
0x000007feff6b0000 - 0x000007feff6cf000 	C:\Windows\SYSTEM32\sechost.dll
0x000007fefd770000 - 0x000007fefd89d000 	C:\Windows\system32\RPCRT4.dll
0x0000000077340000 - 0x000000007743a000 	C:\Windows\system32\USER32.dll
0x000007fefdc40000 - 0x000007fefdca7000 	C:\Windows\system32\GDI32.dll
0x000007fefec90000 - 0x000007fefec9e000 	C:\Windows\system32\LPK.dll
0x000007fefef30000 - 0x000007fefeff9000 	C:\Windows\system32\USP10.dll
0x000007fefdc10000 - 0x000007fefdc3e000 	C:\Windows\system32\IMM32.DLL
0x000007fefed40000 - 0x000007fefee49000 	C:\Windows\system32\MSCTF.dll
0x000000006d7f0000 - 0x000000006de4d000 	C:\Program Files\Java\jre6\bin\server\jvm.dll
0x000007fefaf30000 - 0x000007fefaf6b000 	C:\Windows\system32\WINMM.dll
0x000000006d760000 - 0x000000006d76e000 	C:\Program Files\Java\jre6\bin\verify.dll
0x000000006d3b0000 - 0x000000006d3d7000 	C:\Program Files\Java\jre6\bin\java.dll
0x000000006d310000 - 0x000000006d31a000 	C:\Program Files\Java\jre6\bin\hpi.dll
0x0000000077610000 - 0x0000000077617000 	C:\Windows\system32\PSAPI.DLL
0x000000006d7b0000 - 0x000000006d7c2000 	C:\Program Files\Java\jre6\bin\zip.dll
0x000007fefb110000 - 0x000007fefb119000 	C:\Users\James\Documents\GitHub\Interface\4wiiSoftware\WiiuseJ.dll
0x000007fefb290000 - 0x000007fefb29c000 	C:\Users\James\Documents\GitHub\Interface\4wiiSoftware\wiiuse.dll
0x000007fefdcb0000 - 0x000007fefdcfd000 	C:\Windows\system32\WS2_32.dll
0x000007fefd760000 - 0x000007fefd768000 	C:\Windows\system32\NSI.dll
0x000007fefb6d0000 - 0x000007fefb6db000 	C:\Windows\system32\HID.DLL
0x000007fefea90000 - 0x000007fefec67000 	C:\Windows\system32\SETUPAPI.dll
0x000007fefd3c0000 - 0x000007fefd3f6000 	C:\Windows\system32\CFGMGR32.dll
0x000007fefee50000 - 0x000007fefef27000 	C:\Windows\system32\OLEAUT32.dll
0x000007fefd8a0000 - 0x000007fefdaa3000 	C:\Windows\system32\ole32.dll
0x000007fefd5f0000 - 0x000007fefd60a000 	C:\Windows\system32\DEVOBJ.dll
0x0000000069740000 - 0x0000000069812000 	C:\Windows\system32\MSVCR100.dll
0x000007fefd400000 - 0x000007fefd43a000 	C:\Windows\system32\WINTRUST.dll
0x000007fefd450000 - 0x000007fefd5bc000 	C:\Windows\system32\CRYPT32.dll
0x000007fefd290000 - 0x000007fefd29f000 	C:\Windows\system32\MSASN1.dll
0x000000006d000000 - 0x000000006d1c1000 	C:\Program Files\Java\jre6\bin\awt.dll
0x000007fef98c0000 - 0x000007fef9931000 	C:\Windows\system32\WINSPOOL.DRV
0x000007fefdd00000 - 0x000007fefea88000 	C:\Windows\system32\SHELL32.dll
0x000007feff6d0000 - 0x000007feff741000 	C:\Windows\system32\SHLWAPI.dll
0x000007fefb660000 - 0x000007fefb678000 	C:\Windows\system32\DWMAPI.DLL
0x000007fefbc30000 - 0x000007fefbc86000 	C:\Windows\system32\uxtheme.dll
0x000000006d2a0000 - 0x000000006d30b000 	C:\Program Files\Java\jre6\bin\fontmanager.dll
0x000007fefd120000 - 0x000007fefd12f000 	C:\Windows\system32\CRYPTBASE.dll
0x000000006d600000 - 0x000000006d617000 	C:\Program Files\Java\jre6\bin\net.dll
0x000007fefca60000 - 0x000007fefcab5000 	C:\Windows\system32\mswsock.dll
0x000007fefca50000 - 0x000007fefca57000 	C:\Windows\System32\wship6.dll
0x000000006d620000 - 0x000000006d62b000 	C:\Program Files\Java\jre6\bin\nio.dll
0x000000006d210000 - 0x000000006d238000 	C:\Program Files\Java\jre6\bin\dcpr.dll

VM Arguments:
jvm_args: -Dfile.encoding=Cp1252 
java_command: wiiusej.test.Main
Launcher Type: SUN_STANDARD

Environment Variables:
CLASSPATH=.;.;C:\PROGRA~2\JMF21~1.1E\lib\sound.jar;C:\PROGRA~2\JMF21~1.1E\lib\jmf.jar;C:\PROGRA~2\JMF21~1.1E\lib;
PATH=C:\Program Files\Common Files\Microsoft Shared\Windows Live;C:\Windows\system32;C:\Windows;C:\Windows\System32\Wbem;C:\Windows\System32\WindowsPowerShell\v1.0\;C:\Program Files (x86)\ATI Technologies\ATI.ACE\Core-Static
USERNAME=James
OS=Windows_NT
PROCESSOR_IDENTIFIER=AMD64 Family 16 Model 6 Stepping 3, AuthenticAMD



---------------  S Y S T E M  ---------------

OS: Windows 7 Build 7601 Service Pack 1

CPU:total 2 (2 cores per cpu, 1 threads per core) family 16 model 6 stepping 3, cmov, cx8, fxsr, mmx, sse, sse2, sse3, mmxext, 3dnow, 3dnowext

Memory: 4k page, physical 8121244k(6275536k free), swap 16240624k(13997760k free)

vm_info: Java HotSpot(TM) 64-Bit Server VM (14.3-b01) for windows-amd64 JRE (1.6.0_17-b04), built on Oct 11 2009 00:46:08 by "java_re" with MS VC++ 8.0

time: Sun Mar 09 17:26:01 2014
elapsed time: 19 seconds

