#
# A fatal error has been detected by the Java Runtime Environment:
#
#  EXCEPTION_ACCESS_VIOLATION (0xc0000005) at pc=0x000007fefaa824e0, pid=3572, tid=4056
#
# JRE version: 6.0_17-b04
# Java VM: Java HotSpot(TM) 64-Bit Server VM (14.3-b01 mixed mode windows-amd64 )
# Problematic frame:
# C  [wiiuse.dll+0x24e0]
#
# If you would like to submit a bug report, please visit:
#   http://java.sun.com/webapps/bugreport/crash.jsp
# The crash happened outside the Java Virtual Machine in native code.
# See problematic frame for where to report the bug.
#

---------------  T H R E A D  ---------------

Current thread (0x0000000005b65000):  JavaThread "Thread-0" [_thread_in_native, id=4056, stack(0x0000000006800000,0x0000000006900000)]

siginfo: ExceptionCode=0xc0000005, reading address 0x000000020000001a

Registers:
EAX=0x0000000000000000, EBX=0x0000000006642618, ECX=0x0000000200000002, EDX=0x0000000000000002
ESP=0x00000000068ff340, EBP=0x0000000000000000, ESI=0x0000000006640158, EDI=0x0000000000000003
EIP=0x000007fefaa824e0, EFLAGS=0x0000000000010202

Top of Stack: (sp=0x00000000068ff340)
0x00000000068ff340:   0000000069512620 000007fefaa863a0
0x00000000068ff350:   0000000000000000 0000000000000000
0x00000000068ff360:   0000000000000000 000007fefaa82b91
0x00000000068ff370:   0000000006642610 0000000000000000
0x00000000068ff380:   0000000000000000 0000000000000000
0x00000000068ff390:   0000000005b684e0 000007fefb2a1648
0x00000000068ff3a0:   0000000000000000 0000000080279b80
0x00000000068ff3b0:   0000000000000000 0000000000000004
0x00000000068ff3c0:   0000000005b65000 0000000005b44c10
0x00000000068ff3d0:   0000000005b4a740 0000000005b4a798
0x00000000068ff3e0:   0000000005b4ab28 00000000068ff770
0x00000000068ff3f0:   00000000068ff430 000000006db5eb83
0x00000000068ff400:   0000000000000000 00000000802cda98
0x00000000068ff410:   0000000005b65058 0000000000000000
0x00000000068ff420:   00000000068ff478 000000006d8d0966
0x00000000068ff430:   0000000000450b30 0000000000000003 

Instructions: (pc=0x000007fefaa824e0)
0x000007fefaa824d0:   48 8b 5c 24 30 48 8b 4e 50 48 85 c9 74 1f 66 90
0x000007fefaa824e0:   80 79 18 00 74 17 48 8b 41 20 48 89 46 50 ff 15 


Stack: [0x0000000006800000,0x0000000006900000],  sp=0x00000000068ff340,  free space=1020k
Native frames: (J=compiled Java code, j=interpreted, Vv=VM code, C=native code)
C  [wiiuse.dll+0x24e0]

[error occurred during error reporting (printing native stack), id 0xc0000005]

Java frames: (J=compiled Java code, j=interpreted, Vv=VM code)
j  wiiusej.WiiUseApi.specialPoll(Lwiiusej/wiiusejevents/utils/EventsGatherer;)V+0
j  wiiusej.WiiUseApiManager.run()V+77
v  ~StubRoutines::call_stub

---------------  P R O C E S S  ---------------

Java Threads: ( => current thread )
  0x0000000006938800 JavaThread "Thread-2" daemon [_thread_in_native, id=5052, stack(0x000000000b4b0000,0x000000000b5b0000)]
  0x0000000006c8a800 JavaThread "TimerQueue" daemon [_thread_blocked, id=3756, stack(0x000000000b3b0000,0x000000000b4b0000)]
  0x0000000006ab0800 JavaThread "AWT-EventQueue-0" [_thread_blocked, id=4456, stack(0x00000000097d0000,0x00000000098d0000)]
  0x0000000005ba9800 JavaThread "AWT-Windows" daemon [_thread_in_native, id=1764, stack(0x0000000007130000,0x0000000007230000)]
  0x0000000006945000 JavaThread "AWT-Shutdown" [_thread_blocked, id=4940, stack(0x0000000007030000,0x0000000007130000)]
  0x0000000006944800 JavaThread "Java2D Disposer" daemon [_thread_blocked, id=1712, stack(0x0000000006ea0000,0x0000000006fa0000)]
=>0x0000000005b65000 JavaThread "Thread-0" [_thread_in_native, id=4056, stack(0x0000000006800000,0x0000000006900000)]
  0x0000000005b51800 JavaThread "Low Memory Detector" daemon [_thread_blocked, id=924, stack(0x00000000063b0000,0x00000000064b0000)]
  0x0000000005b48800 JavaThread "CompilerThread1" daemon [_thread_blocked, id=3620, stack(0x00000000062b0000,0x00000000063b0000)]
  0x0000000005b45000 JavaThread "CompilerThread0" daemon [_thread_blocked, id=2468, stack(0x00000000061b0000,0x00000000062b0000)]
  0x0000000005b44000 JavaThread "Attach Listener" daemon [_thread_blocked, id=3920, stack(0x00000000060b0000,0x00000000061b0000)]
  0x0000000005b43000 JavaThread "Signal Dispatcher" daemon [_thread_blocked, id=5092, stack(0x0000000005fb0000,0x00000000060b0000)]
  0x0000000005af2000 JavaThread "Finalizer" daemon [_thread_blocked, id=4680, stack(0x0000000005eb0000,0x0000000005fb0000)]
  0x0000000000524800 JavaThread "Reference Handler" daemon [_thread_blocked, id=3164, stack(0x0000000005db0000,0x0000000005eb0000)]
  0x000000000025b000 JavaThread "main" [_thread_in_native, id=3412, stack(0x0000000002100000,0x0000000002200000)]

Other Threads:
  0x0000000005af0800 VMThread [stack: 0x0000000005cb0000,0x0000000005db0000] [id=4508]
  0x0000000005b55000 WatcherThread [stack: 0x00000000064b0000,0x00000000065b0000] [id=4728]

VM state:not at safepoint (normal execution)

VM Mutex/Monitor currently owned by a thread: None

Heap
 PSYoungGen      total 37888K, used 24702K [0x00000000d7ea0000, 0x00000000da7f0000, 0x00000001013f0000)
  eden space 33600K, 73% used [0x00000000d7ea0000,0x00000000d96b7828,0x00000000d9f70000)
  from space 4288K, 0% used [0x00000000d9f70000,0x00000000d9f78000,0x00000000da3a0000)
  to   space 4160K, 0% used [0x00000000da3e0000,0x00000000da3e0000,0x00000000da7f0000)
 PSOldGen        total 84608K, used 3403K [0x00000000853f0000, 0x000000008a690000, 0x00000000d7ea0000)
  object space 84608K, 4% used [0x00000000853f0000,0x0000000085742df8,0x000000008a690000)
 PSPermGen       total 21248K, used 11880K [0x000000007fff0000, 0x00000000814b0000, 0x00000000853f0000)
  object space 21248K, 55% used [0x000000007fff0000,0x0000000080b8a2d8,0x00000000814b0000)

Dynamic libraries:
0x0000000000400000 - 0x000000000042e000 	C:\Program Files\Java\jre6\bin\javaw.exe
0x0000000077440000 - 0x00000000775e9000 	C:\Windows\SYSTEM32\ntdll.dll
0x0000000077220000 - 0x000000007733f000 	C:\Windows\system32\kernel32.dll
0x000007fefd2a0000 - 0x000007fefd30b000 	C:\Windows\system32\KERNELBASE.dll
0x000007feff080000 - 0x000007feff15b000 	C:\Windows\system32\ADVAPI32.dll
0x000007fefd6c0000 - 0x000007fefd75f000 	C:\Windows\system32\msvcrt.dll
0x000007feff6b0000 - 0x000007feff6cf000 	C:\Windows\SYSTEM32\sechost.dll
0x000007fefd770000 - 0x000007fefd89d000 	C:\Windows\system32\RPCRT4.dll
0x0000000077340000 - 0x000000007743a000 	C:\Windows\system32\USER32.dll
0x000007fefdc40000 - 0x000007fefdca7000 	C:\Windows\system32\GDI32.dll
0x000007fefec90000 - 0x000007fefec9e000 	C:\Windows\system32\LPK.dll
0x000007fefef30000 - 0x000007fefeff9000 	C:\Windows\system32\USP10.dll
0x000007fefdc10000 - 0x000007fefdc3e000 	C:\Windows\system32\IMM32.DLL
0x000007fefed40000 - 0x000007fefee49000 	C:\Windows\system32\MSCTF.dll
0x000000006d7f0000 - 0x000000006de4d000 	C:\Program Files\Java\jre6\bin\server\jvm.dll
0x000007fefaf30000 - 0x000007fefaf6b000 	C:\Windows\system32\WINMM.dll
0x000000006d760000 - 0x000000006d76e000 	C:\Program Files\Java\jre6\bin\verify.dll
0x000000006d3b0000 - 0x000000006d3d7000 	C:\Program Files\Java\jre6\bin\java.dll
0x000000006d310000 - 0x000000006d31a000 	C:\Program Files\Java\jre6\bin\hpi.dll
0x0000000077610000 - 0x0000000077617000 	C:\Windows\system32\PSAPI.DLL
0x000000006d7b0000 - 0x000000006d7c2000 	C:\Program Files\Java\jre6\bin\zip.dll
0x000007fefb2a0000 - 0x000007fefb2a9000 	C:\Users\James\Documents\GitHub\Interface\4wiiSoftware\WiiuseJ.dll
0x000007fefaa80000 - 0x000007fefaa8c000 	C:\Users\James\Documents\GitHub\Interface\4wiiSoftware\wiiuse.dll
0x000007fefdcb0000 - 0x000007fefdcfd000 	C:\Windows\system32\WS2_32.dll
0x000007fefd760000 - 0x000007fefd768000 	C:\Windows\system32\NSI.dll
0x000007fefb6d0000 - 0x000007fefb6db000 	C:\Windows\system32\HID.DLL
0x000007fefea90000 - 0x000007fefec67000 	C:\Windows\system32\SETUPAPI.dll
0x000007fefd3c0000 - 0x000007fefd3f6000 	C:\Windows\system32\CFGMGR32.dll
0x000007fefee50000 - 0x000007fefef27000 	C:\Windows\system32\OLEAUT32.dll
0x000007fefd8a0000 - 0x000007fefdaa3000 	C:\Windows\system32\ole32.dll
0x000007fefd5f0000 - 0x000007fefd60a000 	C:\Windows\system32\DEVOBJ.dll
0x0000000069460000 - 0x0000000069532000 	C:\Windows\system32\MSVCR100.dll
0x000007fefd400000 - 0x000007fefd43a000 	C:\Windows\system32\WINTRUST.dll
0x000007fefd450000 - 0x000007fefd5bc000 	C:\Windows\system32\CRYPT32.dll
0x000007fefd290000 - 0x000007fefd29f000 	C:\Windows\system32\MSASN1.dll
0x000000006d000000 - 0x000000006d1c1000 	C:\Program Files\Java\jre6\bin\awt.dll
0x000007fef98c0000 - 0x000007fef9931000 	C:\Windows\system32\WINSPOOL.DRV
0x000007fefdd00000 - 0x000007fefea88000 	C:\Windows\system32\SHELL32.dll
0x000007feff6d0000 - 0x000007feff741000 	C:\Windows\system32\SHLWAPI.dll
0x000007fefbe10000 - 0x000007fefc004000 	C:\Windows\WinSxS\amd64_microsoft.windows.common-controls_6595b64144ccf1df_6.0.7601.17514_none_fa396087175ac9ac\comctl32.dll
0x000007fefb660000 - 0x000007fefb678000 	C:\Windows\system32\DWMAPI.DLL
0x000007fefbc30000 - 0x000007fefbc86000 	C:\Windows\system32\uxtheme.dll
0x000000006d2a0000 - 0x000000006d30b000 	C:\Program Files\Java\jre6\bin\fontmanager.dll
0x000007fefd120000 - 0x000007fefd12f000 	C:\Windows\system32\CRYPTBASE.dll
0x000007feeaee0000 - 0x000007feeb0df000 	C:\Windows\system32\d3d9.dll
0x000007fefc350000 - 0x000007fefc35c000 	C:\Windows\system32\VERSION.dll
0x000007fef63f0000 - 0x000007fef63f7000 	C:\Windows\system32\d3d8thk.dll
0x000007feed830000 - 0x000007feed83b000 	C:\Windows\system32\atiu9p64.dll
0x000000006f5c0000 - 0x000000006fa5d000 	C:\Windows\system32\atiumd64.dll
0x000000006f310000 - 0x000000006f5c0000 	C:\Windows\system32\atiumd6a.dll
0x000000006d600000 - 0x000000006d617000 	C:\Program Files\Java\jre6\bin\net.dll
0x000007fefca60000 - 0x000007fefcab5000 	C:\Windows\system32\mswsock.dll
0x000007fefca50000 - 0x000007fefca57000 	C:\Windows\System32\wship6.dll
0x000000006d620000 - 0x000000006d62b000 	C:\Program Files\Java\jre6\bin\nio.dll
0x000000006d210000 - 0x000000006d238000 	C:\Program Files\Java\jre6\bin\dcpr.dll

VM Arguments:
jvm_args: -Dfile.encoding=Cp1252 
java_command: wiiusej.test.Main
Launcher Type: SUN_STANDARD

Environment Variables:
CLASSPATH=.;.;C:\PROGRA~2\JMF21~1.1E\lib\sound.jar;C:\PROGRA~2\JMF21~1.1E\lib\jmf.jar;C:\PROGRA~2\JMF21~1.1E\lib;
PATH=C:\Program Files\Common Files\Microsoft Shared\Windows Live;C:\Windows\system32;C:\Windows;C:\Windows\System32\Wbem;C:\Windows\System32\WindowsPowerShell\v1.0\;C:\Program Files (x86)\ATI Technologies\ATI.ACE\Core-Static
USERNAME=James
OS=Windows_NT
PROCESSOR_IDENTIFIER=AMD64 Family 16 Model 6 Stepping 3, AuthenticAMD



---------------  S Y S T E M  ---------------

OS: Windows 7 Build 7601 Service Pack 1

CPU:total 2 (2 cores per cpu, 1 threads per core) family 16 model 6 stepping 3, cmov, cx8, fxsr, mmx, sse, sse2, sse3, mmxext, 3dnow, 3dnowext

Memory: 4k page, physical 8121244k(6233680k free), swap 16240624k(13977784k free)

vm_info: Java HotSpot(TM) 64-Bit Server VM (14.3-b01) for windows-amd64 JRE (1.6.0_17-b04), built on Oct 11 2009 00:46:08 by "java_re" with MS VC++ 8.0

time: Sun Mar 09 17:58:02 2014
elapsed time: 56 seconds

